app/build/intermediates/manifest_merge_blame_file/debug/manifest-merger-blame-debug-report.txt
1<?xml version="1.0" encoding="utf-8"?>
2<manifest xmlns:android="http://schemas.android.com/apk/res/android"
3    package="com.example.openglestesting"
4    android:versionCode="1"
5    android:versionName="1.0" >
6
7    <uses-sdk
8        android:minSdkVersion="21"
8-->src\main\AndroidManifest.xml
9        android:targetSdkVersion="29" />
9-->src\main\AndroidManifest.xml
10
11    <uses-feature
11-->src\main\AndroidManifest.xml:6:5-8:35
12        android:glEsVersion="0x00020000"
12-->src\main\AndroidManifest.xml:7:9-41
13        android:required="true" />
13-->src\main\AndroidManifest.xml:8:9-32
14
15    <supports-gl-texture android:name="GL_OES_compressed_ETC1_RGB8_texture" />
15-->src\main\AndroidManifest.xml:10:5-79
15-->src\main\AndroidManifest.xml:10:26-76
16    <supports-gl-texture android:name="GL_OES_compressed_paletted_texture" />
16-->src\main\AndroidManifest.xml:11:5-78
16-->src\main\AndroidManifest.xml:11:26-75
17
18    <uses-permission android:name="android.permission.INTERNET" />
18-->src\main\AndroidManifest.xml:13:5-67
18-->src\main\AndroidManifest.xml:13:22-64
19    <uses-permission android:name="android.permission.WAKE_LOCK" />
19-->src\main\AndroidManifest.xml:14:5-68
19-->src\main\AndroidManifest.xml:14:22-65
20
21    <application
21-->src\main\AndroidManifest.xml:16:5-31:19
22        android:allowBackup="true"
22-->src\main\AndroidManifest.xml:17:9-35
23        android:appComponentFactory="androidx.core.app.CoreComponentFactory"
23-->[androidx.core:core:1.3.1] AndroidManifest.xml:24:18-86
24        android:debuggable="true"
25        android:icon="@mipmap/ic_launcher"
25-->src\main\AndroidManifest.xml:18:9-43
26        android:label="@string/app_name"
26-->src\main\AndroidManifest.xml:19:9-41
27        android:roundIcon="@mipmap/ic_launcher_round"
27-->src\main\AndroidManifest.xml:20:9-54
28        android:supportsRtl="true"
28-->src\main\AndroidManifest.xml:21:9-35
29        android:testOnly="true"
30        android:theme="@style/AppTheme" >
30-->src\main\AndroidManifest.xml:22:9-40
31        <activity android:name="com.example.openglestesting.testing" >
31-->src\main\AndroidManifest.xml:24:9-30:20
31-->src\main\AndroidManifest.xml:24:19-42
32            <intent-filter>
32-->src\main\AndroidManifest.xml:25:9-29:29
33                <action android:name="android.intent.action.MAIN" />
33-->src\main\AndroidManifest.xml:26:17-69
33-->src\main\AndroidManifest.xml:26:25-66
34
35                <category android:name="android.intent.category.LAUNCHER" />
35-->src\main\AndroidManifest.xml:28:17-77
35-->src\main\AndroidManifest.xml:28:27-74
36            </intent-filter>
37        </activity>
38    </application>
39
40</manifest>